<?xml version="1.0" encoding="UTF-8"?>
<beans 
    xmlns="http://www.springframework.org/schema/beans" 
    xmlns:util="http://www.springframework.org/schema/util"
    xmlns:aop="http://www.springframework.org/schema/aop" 
    xmlns:context="http://www.springframework.org/schema/context"
    xmlns:tx="http://www.springframework.org/schema/tx" 
    xmlns:security="http://www.springframework.org/schema/security"
    xmlns:xsi="http://www.w3.org/2001/XMLSchema-instance"
    xmlns:integration="http://www.springframework.org/schema/integration"
    xsi:schemaLocation="http://www.springframework.org/schema/beans http://www.springframework.org/schema/beans/spring-beans-2.5.xsd
http://www.springframework.org/schema/integration http://www.springframework.org/schema/integration/spring-integration-1.0.xsd
http://www.springframework.org/schema/util http://www.springframework.org/schema/util/spring-util-2..xsd
http://www.springframework.org/schema/aop http://www.springframework.org/schema/aop/spring-aop-2.5.xsd
http://www.springframework.org/schema/context http://www.springframework.org/schema/context/spring-context-2.5.xsd
http://www.springframework.org/schema/tx http://www.springframework.org/schema/tx/spring-tx-2.5.xsd
http://www.springframework.org/schema/security http://www.springframework.org/schema/security/spring-security-2.0.4.xsd">

    <!-- MESSAGE CHANNELS -->
    <integration:publish-subscribe-channel id="coreRosterChannel" />
    <integration:publish-subscribe-channel id="core2CoreMessageNotificationChannel" />
    <integration:publish-subscribe-channel id="owningCoreWorkProductNotificationChannel" />
    <integration:publish-subscribe-channel id="coreStatusUpdateChannel" />
    <integration:publish-subscribe-channel id="joinedInterestGroupNotificationChannel" />
    <integration:publish-subscribe-channel id="joinedPublishProductNotificationChannel" />
	<integration:publish-subscribe-channel id="productPublicationStatusNotificationChannel" />
	<integration:publish-subscribe-channel id="deleteJoinedInterestGroupNotificationChannel" />
	<integration:publish-subscribe-channel id="deleteJoinedProductNotificationChannel" />
    
    <bean id="coreConnection" class="com.saic.uicds.xmpp.communications.CoreConnectionImpl">

        <property name="coreStatusUpdateChannel" ref="coreStatusUpdateChannel" />

        <property name="server">
            <value>localhost</value>
        </property>
        <property name="servername">
            <value>localhost</value>
        </property>
        <property name="port">
            <value>5222</value>
        </property>
        <property name="pubSubSvc">
            <value>pubsub.localhost</value>
        </property>
        <property name="username">
            <value>uicds</value>
        </property>
        <property name="password">
            <value>uicds.1549</value>
        </property>
        <property name="name">
            <value>UICDS</value>
        </property>
        <property name="resource">
            <value>CoreConnection</value>
        </property>
        <property name="interestGroupRoot">
            <value>/interestGroup</value>
        </property>
        <property name="debug">
            <value>false</value>
        </property>
    </bean>

    <bean id="core2CoreMessageProcessor" class="com.saic.uicds.xmpp.communications.Core2CoreMessageProcessor">
        <property name="coreConnection" ref="coreConnection" />
        <property name="core2CoreMessageNotificationChannel" ref="core2CoreMessageNotificationChannel" />
    </bean>

    <bean id="interestManager" class="com.saic.uicds.xmpp.communications.InterestManagerImpl">
        <property name="coreConnection" ref="coreConnection" />
        <property name="owningCoreWorkProductNotificationChannel" ref="owningCoreWorkProductNotificationChannel" />
    </bean>

    <bean id="interestGroupManager" class="com.saic.uicds.xmpp.communications.InterestGroupManager">
        <property name="joinedInterestGroupNotificationChannel" ref="joinedInterestGroupNotificationChannel" />
        <property name="joinedPublishProductNotificationChannel" ref="joinedPublishProductNotificationChannel" />
        <property name="productPublicationStatusNotificationChannel" ref="productPublicationStatusNotificationChannel" />
        <property name="deleteJoinedInterestGroupNotificationChannel" ref="deleteJoinedInterestGroupNotificationChannel" />
        <property name="deleteJoinedProductNotificationChannel" ref="deleteJoinedProductNotificationChannel" />
        <property name="coreConnection" ref="coreConnection" />
        <property name="interestManager" ref="interestManager" />
    </bean>

    <bean id="communicationsServiceXmpp" class="com.saic.uicds.xmpp.communications.CommunicationsServiceXmppImpl">
        <property name="coreRosterChannel" ref="coreRosterChannel" />
        <property name="core2CoreMessageProcessor" ref="core2CoreMessageProcessor" />
        <property name="interestGroupManager" ref="interestGroupManager" />
    </bean>

    <bean id="connectionChecker" class="com.saic.uicds.xmpp.apps.ConnectionChecker">
        <property name="coreConnection" ref="coreConnection" />
    </bean>

    <context:annotation-config />

     
    <!-- MESSAGE CHANNELS -->
   
    <bean id="xmppMessageReceiver" class="com.saic.uicds.xmpp.communications.XmppMessageReceiver"/> 
    
</beans>
