<?xml version="1.0" encoding="UTF-8"?>
<beans 
    xmlns="http://www.springframework.org/schema/beans" 
    xmlns:util="http://www.springframework.org/schema/util"
    xmlns:aop="http://www.springframework.org/schema/aop" 
    xmlns:context="http://www.springframework.org/schema/context"
    xmlns:tx="http://www.springframework.org/schema/tx" 
    xmlns:security="http://www.springframework.org/schema/security"
    xmlns:xsi="http://www.w3.org/2001/XMLSchema-instance"
    xmlns:integration="http://www.springframework.org/schema/integration"
    xsi:schemaLocation="http://www.springframework.org/schema/beans http://www.springframework.org/schema/beans/spring-beans-2.5.xsd
http://www.springframework.org/schema/integration http://www.springframework.org/schema/integration/spring-integration-1.0.xsd
http://www.springframework.org/schema/util http://www.springframework.org/schema/util/spring-util-2..xsd
http://www.springframework.org/schema/aop http://www.springframework.org/schema/aop/spring-aop-2.5.xsd
http://www.springframework.org/schema/context http://www.springframework.org/schema/context/spring-context-2.5.xsd
http://www.springframework.org/schema/tx http://www.springframework.org/schema/tx/spring-tx-2.5.xsd
http://www.springframework.org/schema/security http://www.springframework.org/schema/security/spring-security-2.0.4.xsd">

    <context:annotation-config />

    <bean id="coreConnection" class="com.saic.dctd.uicds.xmpp.communications.CoreConnectionImpl"> 
        <property name="server">
            <value>hauar-m4300</value>
        </property>
        <property name="servername">
            <value>hauar-m4300</value>
        </property>
        <property name="port">
            <value>5222</value>
        </property>
        <property name="pubSubSvc">
            <value>pubsub.hauar-m4300</value>
        </property>
        <property name="username">
            <value>uicds</value>
        </property>
        <property name="password">
            <value>uicds.1549</value>
        </property>
        <property name="name">
            <value>UICDS</value>
        </property>
        <property name="resource">
            <value>CoreConnection</value>
        </property>
        <property name="incidentRoot">
            <value>/incident</value>
        </property>
                <property name="debug">
            <value>true</value>
        </property>
        <property name="rosterProperties">
            <props>
                <prop key="interestmanager@hauar-m4300"> hauar-m4300 </prop>
                <prop key="interestmanager@pezz"> pezz </prop>
            </props>
        </property>
    </bean>
    
    <bean id="coreXMPPUtilsTest" class="com.saic.dctd.uicds.xmpp.communications.CoreXMPPUtilsTest">
        <property name="coreConnection" ref="coreConnection"/>
    </bean>
    
        <bean id="coreXMPPUtils" class="com.saic.dctd.uicds.xmpp.apps.CoreXMPPUtils">
        <property name="coreConnection" ref="coreConnection"/>
        <property name="interestManager" ref="interestManager"/>
    </bean>
    
    <bean id="interestManager" class="com.saic.dctd.uicds.xmpp.communications.InterestManager">
        <property name="coreConnection" ref="coreConnection"/>
    </bean>
    
</beans>
