<?xml version="1.0" encoding="UTF-8"?>
<beans xmlns="http://www.springframework.org/schema/beans" xmlns:util="http://www.springframework.org/schema/util"
    xmlns:context="http://www.springframework.org/schema/context" xmlns:aop="http://www.springframework.org/schema/aop" 
    xmlns:xsi="http://www.w3.org/2001/XMLSchema-instance"
    xsi:schemaLocation="http://www.springframework.org/schema/beans http://www.springframework.org/schema/beans/spring-beans-2.0.xsd
http://www.springframework.org/schema/util http://www.springframework.org/schema/util/spring-util-2..xsd
http://www.springframework.org/schema/aop http://www.springframework.org/schema/aop/spring-aop-2.5.xsd
http://www.springframework.org/schema/context http://www.springframework.org/schema/context/spring-context-2.5.xsd
">
<!-- <context:annotation-config /> -->
    
<!--          -->    
<!-- XMLBEANS -->
<!--          -->
    <bean id="xmlbeansMarshaller" class="org.springframework.oxm.xmlbeans.XmlBeansMarshaller" />
    <bean class="org.springframework.ws.server.endpoint.adapter.GenericMarshallingMethodEndpointAdapter">
        <property name="marshaller" ref="xmlbeansMarshaller" />
        <property name="unmarshaller" ref="xmlbeansMarshaller" />
    </bean>
    
    <bean id="coreServiceTemplate" class="com.saic.uicds.core.CoreServiceTemplateTestImpl" init-method="setup">
         <property name="webServiceTemplate" ref="webServiceTemplate"/> 
    </bean>
       
    <bean id="perfModelData" class="com.saic.uicds.core.PerfModelData">
    </bean>
       
    <bean id="uicdsProfile" class="com.saic.uicds.core.UicdsProfile">
         <property name="coreServiceTemplate" ref="coreServiceTemplate"/> 
    </bean>

  
    <bean id="uicdsIncident" class="com.saic.uicds.core.UicdsIncident">
         <property name="coreServiceTemplate" ref="coreServiceTemplate"/> 
    </bean>

     <bean id="messageFactory" class="org.springframework.ws.soap.saaj.SaajSoapMessageFactory"/>  

     <bean id="webServiceTemplate" class="org.springframework.ws.client.core.WebServiceTemplate">  
         <constructor-arg ref="messageFactory"/>  
         <property name="marshaller" ref="xmlbeansMarshaller"/>  
         <property name="unmarshaller" ref="xmlbeansMarshaller"/>  
         <property name="defaultUri" value="http://localhost/uicds/ws"/>  
		 <property name="messageSender">
      		<bean class="org.springframework.ws.transport.http.CommonsHttpMessageSender">
         		<property name="credentials">
            	<bean class="org.apache.commons.httpclient.UsernamePasswordCredentials">
               		<constructor-arg value="admin"/>
               		<constructor-arg value="admin"/>
            	</bean>
         		</property>
      		</bean>
   		</property>
     </bean>       
</beans>
