<?xml version="1.0" encoding="UTF-8"?>
<beans xmlns="http://www.springframework.org/schema/beans"
       xmlns:xsi="http://www.w3.org/2001/XMLSchema-instance"
       xmlns:p="http://www.springframework.org/schema/p"
       xmlns:context="http://www.springframework.org/schema/context"
       xmlns:tx="http://www.springframework.org/schema/tx"
       xsi:schemaLocation="http://www.springframework.org/schema/beans 
                           http://www.springframework.org/schema/beans/spring-beans.xsd
                           http://www.springframework.org/schema/context 
                           http://www.springframework.org/schema/context/spring-context.xsd
                           http://www.springframework.org/schema/tx
                           http://www.springframework.org/schema/tx/spring-tx.xsd">


<!-- Here is the switch between h2 and sqlserver -->
<!--
   <bean id="dataSource" class="org.apache.commons.dbcp.BasicDataSource">
	<property name="driverClassName" value="com.microsoft.sqlserver.jdbc.SQLServerDriver"/>
	<property name="url" value="jdbc:sqlserver://LabSQL:1433;databaseName=LiTest2;"/>
	<property name="username" value="tester1"/>
	<property name="password" value="Heather1"/>
	</bean>   
-->  
 
  <bean id="dataSource" class="org.springframework.jdbc.datasource.DriverManagerDataSource">
        <property name="driverClassName" value="org.h2.Driver" />
        <property name="url" value="jdbc:h2:mem:test;DB_CLOSE_DELAY=-1;MVCC=true" />
        <property name="username" value="sa" />
        <property name="password" value="" />
    </bean>	

</beans>


