<?xml version="1.0" encoding="UTF-8"?>
<beans xmlns="http://www.springframework.org/schema/beans"
       xmlns:xsi="http://www.w3.org/2001/XMLSchema-instance"
       xmlns:p="http://www.springframework.org/schema/p"
       xmlns:context="http://www.springframework.org/schema/context"
       xmlns:tx="http://www.springframework.org/schema/tx"
       xsi:schemaLocation="http://www.springframework.org/schema/beans 
                           http://www.springframework.org/schema/beans/spring-beans.xsd
                           http://www.springframework.org/schema/context 
                           http://www.springframework.org/schema/context/spring-context.xsd
                           http://www.springframework.org/schema/tx
                           http://www.springframework.org/schema/tx/spring-tx.xsd">


   <bean id="dataSource" class="org.apache.commons.dbcp.BasicDataSource">
	<property name="driverClassName" value="com.microsoft.sqlserver.jdbc.SQLServerDriver"/>
	<property name="url" value="jdbc:sqlserver://LabSQL:1433;databaseName=LiTest2;"/>
	<property name="username" value="tester1"/>
	<property name="password" value="Heather1"/>
	</bean>     

<!-- not work this way as below
  <bean id="sessionFactory" class="org.springframework.orm.hibernate.LocalSessionFactoryBean">
  	<property name="dataSource" ref="dataSource" />
  </bean>

	<bean id="txManager" class="org.springframework.orm.hibernate.HibernateTransactionManager">
	  <property name="sessionFactory" ref="sessionFactory" />
	</bean>
-->
</beans>


