<?xml version="1.0" encoding="UTF-8"?>
<beans xmlns="http://www.springframework.org/schema/beans" xmlns:xsi="http://www.w3.org/2001/XMLSchema-instance"
    xmlns:context="http://www.springframework.org/schema/context" xmlns:p="http://www.springframework.org/schema/p"
    xsi:schemaLocation="http://www.springframework.org/schema/beans http://www.springframework.org/schema/beans/spring-beans-2.0.xsd 
    http://www.springframework.org/schema/context http://www.springframework.org/schema/context/spring-context-2.5.xsd">
    <!--
        Map Service Endpoint Mapping This is mapped separately from the rest of the services because
        it is not using the XMLBeans marshalling endpoint adapter, but rather using DOM to represent
        requests and responses
    -->
    <bean class="org.springframework.ws.server.endpoint.adapter.PayloadEndpointAdapter" />



    <!--          -->
    <!-- XMLBEANS -->
    <!--          -->
    <bean id="xmlbeansMarshaller" class="org.springframework.oxm.xmlbeans.XmlBeansMarshaller" />
    <bean class="org.springframework.ws.server.endpoint.adapter.GenericMarshallingMethodEndpointAdapter">
        <property name="marshaller" ref="xmlbeansMarshaller" />
        <property name="unmarshaller" ref="xmlbeansMarshaller" />
    </bean>

    <!--                                   -->
    <!-- SCAN THE CLASSPATH FOR ENDPOIINTS -->
    <!--                                   -->
    <context:component-scan base-package="com.saic.uicds.core.infrastructure.endpoint" />

    <!--                  -->
    <!-- ENDPOINT MAPPING -->
    <!--                  -->
    <bean
        class="org.springframework.ws.server.endpoint.mapping.PayloadRootAnnotationMethodEndpointMapping">
        <property name="interceptors">
            <bean class="org.springframework.ws.server.endpoint.interceptor.PayloadLoggingInterceptor" />
        </property>
    </bean>


</beans>
